<?xml version="1.0" encoding="UTF-8"?>
<!-- Generated by org.testng.reporters.JUnitReportReporter -->
<testsuite hostname="DESKTOP-EBO52EL" failures="0" tests="4" name="demoMaven.practice.xxxxx" time="2.790" errors="0" timestamp="2022-11-02T11:29:44 GMT-07:00" skipped="0">
  <testcase classname="demoMaven.practice.xxxxx" name="login" time="0.841"/>
  <system-out/>
  <testcase classname="demoMaven.practice.xxxxx" name="SelectProduct" time="0.811"/>
  <system-out/>
  <testcase classname="demoMaven.practice.xxxxx" name="AddtoCart" time="0.350"/>
  <system-out/>
  <testcase classname="demoMaven.practice.xxxxx" name="AddDetails" time="0.788"/>
  <system-out/>
</testsuite> <!-- demoMaven.practice.xxxxx -->
