<?xml version="1.0" encoding="UTF-8"?>
<!-- Generated by org.testng.reporters.JUnitReportReporter -->
<testsuite hostname="DESKTOP-EBO52EL" failures="0" tests="6" name="demoMaven.practice.AutomateSauceSite" time="2.459" errors="0" timestamp="2022-11-02T10:29:57 GMT-07:00" skipped="0">
  <testcase classname="demoMaven.practice.AutomateSauceSite" name="enterData" time="0.723"/>
  <system-out/>
  <testcase classname="demoMaven.practice.AutomateSauceSite" name="handleDropDown" time="0.515"/>
  <system-out/>
  <testcase classname="demoMaven.practice.AutomateSauceSite" name="clickCart" time="0.151"/>
  <system-out/>
  <testcase classname="demoMaven.practice.AutomateSauceSite" name="clickCheckout" time="0.145"/>
  <system-out/>
  <testcase classname="demoMaven.practice.AutomateSauceSite" name="enterDetails" time="0.791"/>
  <system-out/>
  <testcase classname="demoMaven.practice.AutomateSauceSite" name="clickFinish" time="0.134"/>
  <system-out/>
</testsuite> <!-- demoMaven.practice.AutomateSauceSite -->
