<?xml version="1.0" encoding="UTF-8"?>
<!-- Generated by org.testng.reporters.JUnitReportReporter -->
<testsuite hostname="DESKTOP-09ARG3R" failures="0" tests="2" name="demoMaven.practice.Testing_Annotations_Uses" time="0.016" errors="0" timestamp="17 Oct 2022 09:06:56 GMT" skipped="0">
  <testcase classname="demoMaven.practice.Testing_Annotations_Uses" name="test2" time="0.008"/>
  <testcase classname="demoMaven.practice.Testing_Annotations_Uses" name="test1" time="0.008"/>
</testsuite> <!-- demoMaven.practice.Testing_Annotations_Uses -->
