<?xml version="1.0" encoding="UTF-8"?>
<!-- Generated by org.testng.reporters.JUnitReportReporter -->
<testsuite hostname="DESKTOP-09ARG3R" failures="0" tests="2" name="demoMaven.practice.Initial_Test_Class" time="0.025" errors="0" timestamp="18 Oct 2022 19:14:52 GMT" skipped="0">
  <testcase classname="demoMaven.practice.Initial_Test_Class" name="test1" time="0.022"/>
  <testcase classname="demoMaven.practice.Initial_Test_Class" name="test2" time="0.003"/>
</testsuite> <!-- demoMaven.practice.Initial_Test_Class -->
