<?xml version="1.0" encoding="UTF-8"?>
<!-- Generated by org.testng.reporters.JUnitReportReporter -->
<testsuite hostname="DESKTOP-EBO52EL" failures="0" tests="2" name="test.TestClass" time="12.130" errors="0" timestamp="2022-11-27T00:05:57 IST" skipped="0">
  <testcase classname="test.TestClass" name="website" time="2.133"/>
  <system-out/>
  <testcase classname="test.TestClass" name="searchGoogle" time="9.997"/>
  <system-out/>
</testsuite> <!-- test.TestClass -->
